<?xml version="1.0" encoding="UTF-8"?>
<testsuite name="Test" tests="1" skipped="0" failures="0" errors="0" timestamp="2021-08-11T19:16:13" hostname="Orels-Personal-MacBook-Pro.local" time="0.002">
  <properties/>
  <testcase name="testSolution" classname="Test" time="0.002"/>
  <system-out><![CDATA[]]></system-out>
  <system-err><![CDATA[]]></system-err>
</testsuite>
